2018-06-12 07:13:36 +0000  Initial pipeline context: <IDEDistributionProcessingPipelineContext: 0x7f9a0bc94830; archive(resolved)='<IDEArchive: 0x7f9a2512b3d0>', distributionTask(resolved)='2', distributionMethod(resolved)='<IDEDistributionMethodDevelopmentSigned: 0x7f9a1ec4c160>', team(resolved)='<IDEProvisioningBasicTeam: 0x7f9a25dcd730; teamID='8DJVMG37WW', teamName='Shanghai Sundear Technology Co, Ltd'>'>
	Chain (11, self inclusive):
	<IDEDistributionProcessingPipelineContext: 0x7f9a0bc94830; archive = '<IDEArchive: 0x7f9a2512b3d0>', distributionMethod='<IDEDistributionMethodDevelopmentSigned: 0x7f9a1ec4c160>', team='<IDEProvisioningBasicTeam: 0x7f9a25dcd730; teamID='8DJVMG37WW', teamName='Shanghai Sundear Technology Co, Ltd'>'>
	<IDEDistributionProcessingPipelineContext: 0x7f9a27f03680; archive = '<IDEArchive: 0x7f9a2512b3d0>', distributionMethod='<IDEDistributionMethodDevelopmentSigned: 0x7f9a1ec4c160>', team='<IDEProvisioningBasicTeam: 0x7f9a25dcd730; teamID='8DJVMG37WW', teamName='Shanghai Sundear Technology Co, Ltd'>'>
	<IDEDistributionContext: 0x7f9a282f4940; archive = '<IDEArchive: 0x7f9a2512b3d0>', distributionMethod='<IDEDistributionMethodDevelopmentSigned: 0x7f9a1ec4c160>', team='<IDEProvisioningBasicTeam: 0x7f9a25dcd730; teamID='8DJVMG37WW', teamName='Shanghai Sundear Technology Co, Ltd'>'>
	<IDEDistributionContext: 0x7f9a439d3900; archive = '<IDEArchive: 0x7f9a2512b3d0>', distributionMethod='<IDEDistributionMethodDevelopmentSigned: 0x7f9a1ec4c160>', team='<IDEProvisioningBasicTeam: 0x7f9a25dcd730; teamID='8DJVMG37WW', teamName='Shanghai Sundear Technology Co, Ltd'>'>
	<IDEDistributionContext: 0x7f9a28b82fd0; archive = '<IDEArchive: 0x7f9a2512b3d0>', distributionMethod='<IDEDistributionMethodDevelopmentSigned: 0x7f9a1ec4c160>', team='<IDEProvisioningBasicTeam: 0x7f9a25dcd730; teamID='8DJVMG37WW', teamName='Shanghai Sundear Technology Co, Ltd'>'>
	<IDEDistributionContext: 0x7f9a2502d290; archive = '<IDEArchive: 0x7f9a2512b3d0>', distributionMethod='<IDEDistributionMethodDevelopmentSigned: 0x7f9a1ec4c160>', team='<IDEProvisioningBasicTeam: 0x7f9a25dcd730; teamID='8DJVMG37WW', teamName='Shanghai Sundear Technology Co, Ltd'>'>
	<IDEDistributionContext: 0x7f9a27ff4280; archive = '<IDEArchive: 0x7f9a2512b3d0>', distributionMethod='<IDEDistributionMethodDevelopmentSigned: 0x7f9a1ec4c160>', team='<IDEProvisioningBasicTeam: 0x7f9a25dcd730; teamID='8DJVMG37WW', teamName='Shanghai Sundear Technology Co, Ltd'>'>
	<IDEDistributionContext: 0x7f9a24ecb110; archive = '<IDEArchive: 0x7f9a2512b3d0>', distributionMethod='<IDEDistributionMethodDevelopmentSigned: 0x7f9a1ec4c160>', team='<IDEProvisioningBasicTeam: 0x7f9a25dcd730; teamID='8DJVMG37WW', teamName='Shanghai Sundear Technology Co, Ltd'>'>
	<IDEDistributionContext: 0x7f9a0bb4e500; archive = '<IDEArchive: 0x7f9a2512b3d0>', distributionMethod='<IDEDistributionMethodDevelopmentSigned: 0x7f9a1ec4c160>', team='<IDEProvisioningBasicTeam: 0x7f9a25dcd730; teamID='8DJVMG37WW', teamName='Shanghai Sundear Technology Co, Ltd'>'>
	<IDEDistributionContext: 0x7f9a278045e0; archive = '<IDEArchive: 0x7f9a2512b3d0>', distributionMethod='<IDEDistributionMethodDevelopmentSigned: 0x7f9a1ec4c160>', team='(null)'>
	<IDEDistributionContext: 0x7f9a0b822e20; archive = '<IDEArchive: 0x7f9a2512b3d0>', distributionMethod='(null)', team='(null)'>
</IDEDistributionProcessingPipelineContext: 0x7f9a0bc94830>
2018-06-12 07:13:36 +0000  Processing step: IDEDistributionCreateDestRootStep
2018-06-12 07:13:36 +0000  Processing step: IDEDistributionCopyItemStep
2018-06-12 07:13:36 +0000  Running /usr/bin/ditto '-V' '/Users/xiasang/Library/Developer/Xcode/Archives/2018-06-12/CTK 2018-6-12 15.02.xcarchive/Products/Applications/CTK.app' '/var/folders/7q/m2g08b055_nc595mkxzfnq_m0000gn/T/XcodeDistPipeline.WxE/Root/Payload/CTK.app'
2018-06-12 07:13:36 +0000  >>> Copying /Users/xiasang/Library/Developer/Xcode/Archives/2018-06-12/CTK 2018-6-12 15.02.xcarchive/Products/Applications/CTK.app 
2018-06-12 07:13:36 +0000  copying file ./_CodeSignature/CodeResources ... 
2018-06-12 07:13:36 +0000  61786 bytes for ./_CodeSignature/CodeResources
2018-06-12 07:13:36 +0000  copying file ./mapapi.bundle/images/icon_paopao_middle_right.png ... 
2018-06-12 07:13:36 +0000  3411 bytes for ./mapapi.bundle/images/icon_paopao_middle_right.png
2018-06-12 07:13:36 +0000  copying file ./mapapi.bundle/images/icon_nav_bus@2x.png ... 
2018-06-12 07:13:36 +0000  1394 bytes for ./mapapi.bundle/images/icon_nav_bus@2x.png
copying file ./mapapi.bundle/images/icon_nav_start@2x.png ... 
2018-06-12 07:13:36 +0000  7712 bytes for ./mapapi.bundle/images/icon_nav_start@2x.png
2018-06-12 07:13:36 +0000  copying file ./mapapi.bundle/images/icon_paopao_middle_right_highlighted.png ... 
2018-06-12 07:13:36 +0000  3386 bytes for ./mapapi.bundle/images/icon_paopao_middle_right_highlighted.png
2018-06-12 07:13:36 +0000  copying file ./mapapi.bundle/images/baidumap_logo.png ... 
2018-06-12 07:13:36 +0000  4387 bytes for ./mapapi.bundle/images/baidumap_logo.png
2018-06-12 07:13:36 +0000  copying file ./mapapi.bundle/images/icon_action_paopao_middle_left_highlighted.png ... 
2018-06-12 07:13:36 +0000  3059 bytes for ./mapapi.bundle/images/icon_action_paopao_middle_left_highlighted.png
copying file ./mapapi.bundle/images/pin_red.png ... 
2018-06-12 07:13:36 +0000  3865 bytes for ./mapapi.bundle/images/pin_red.png
copying file ./mapapi.bundle/images/icon_nav_waypoint.png ... 
2018-06-12 07:13:36 +0000  4693 bytes for ./mapapi.bundle/images/icon_nav_waypoint.png
2018-06-12 07:13:36 +0000  copying file ./mapapi.bundle/images/icon_nav_rail@2x.png ... 
2018-06-12 07:13:36 +0000  1555 bytes for ./mapapi.bundle/images/icon_nav_rail@2x.png
2018-06-12 07:13:36 +0000  copying file ./mapapi.bundle/images/icon_nav_rail.png ... 
2018-06-12 07:13:36 +0000  1950 bytes for ./mapapi.bundle/images/icon_nav_rail.png
copying file ./mapapi.bundle/images/icon_nav_end@2x.png ... 
2018-06-12 07:13:36 +0000  7991 bytes for ./mapapi.bundle/images/icon_nav_end@2x.png
2018-06-12 07:13:36 +0000  copying file ./mapapi.bundle/images/pin_purple@2x.png ... 
2018-06-12 07:13:36 +0000  5716 bytes for ./mapapi.bundle/images/pin_purple@2x.png
copying file ./mapapi.bundle/images/icon_nav_end.png ... 
2018-06-12 07:13:36 +0000  4793 bytes for ./mapapi.bundle/images/icon_nav_end.png
copying file ./mapapi.bundle/images/icon_cellphone@2x.png ... 
2018-06-12 07:13:36 +0000  4674 bytes for ./mapapi.bundle/images/icon_cellphone@2x.png
2018-06-12 07:13:36 +0000  copying file ./mapapi.bundle/images/icon_action_paopao_middle_right_highlighted.png ... 
2018-06-12 07:13:36 +0000  3045 bytes for ./mapapi.bundle/images/icon_action_paopao_middle_right_highlighted.png
copying file ./mapapi.bundle/images/icon_paopao_middle_left@2x.png ... 
2018-06-12 07:13:36 +0000  4308 bytes for ./mapapi.bundle/images/icon_paopao_middle_left@2x.png
copying file ./mapapi.bundle/images/icon_action_paopao_middle_left_highlighted@2x.png ... 
2018-06-12 07:13:36 +0000  3421 bytes for ./mapapi.bundle/images/icon_action_paopao_middle_left_highlighted@2x.png
2018-06-12 07:13:36 +0000  copying file ./mapapi.bundle/images/icon_paopao_middle_left_highlighted.png ... 
2018-06-12 07:13:36 +0000  3452 bytes for ./mapapi.bundle/images/icon_paopao_middle_left_highlighted.png
2018-06-12 07:13:36 +0000  copying file ./mapapi.bundle/images/icon_action_paopao_middle_right.png ... 
2018-06-12 07:13:36 +0000  3049 bytes for ./mapapi.bundle/images/icon_action_paopao_middle_right.png
2018-06-12 07:13:36 +0000  copying file ./mapapi.bundle/images/icon_line_nofocus.png ... 
2018-06-12 07:13:36 +0000  112 bytes for ./mapapi.bundle/images/icon_line_nofocus.png
2018-06-12 07:13:36 +0000  copying file ./mapapi.bundle/images/direction_wheel@2x.png ... 
2018-06-12 07:13:36 +0000  9255 bytes for ./mapapi.bundle/images/direction_wheel@2x.png
2018-06-12 07:13:36 +0000  copying file ./mapapi.bundle/images/pin_purple.png ... 
2018-06-12 07:13:36 +0000  3909 bytes for ./mapapi.bundle/images/pin_purple.png
2018-06-12 07:13:36 +0000  copying file ./mapapi.bundle/images/icon_center_point@2x.png ... 
2018-06-12 07:13:36 +0000  2470 bytes for ./mapapi.bundle/images/icon_center_point@2x.png
2018-06-12 07:13:36 +0000  copying file ./mapapi.bundle/images/icon_nav_start.png ... 
2018-06-12 07:13:36 +0000  4760 bytes for ./mapapi.bundle/images/icon_nav_start.png
2018-06-12 07:13:36 +0000  copying file ./mapapi.bundle/images/icon_direction.png ... 
2018-06-12 07:13:36 +0000  3334 bytes for ./mapapi.bundle/images/icon_direction.png
2018-06-12 07:13:36 +0000  copying file ./mapapi.bundle/images/icon_action_paopao_middle_left@2x.png ... 
2018-06-12 07:13:36 +0000  3406 bytes for ./mapapi.bundle/images/icon_action_paopao_middle_left@2x.png
2018-06-12 07:13:36 +0000  copying file ./mapapi.bundle/images/icon_paopao_middle_left.png ... 
2018-06-12 07:13:36 +0000  3397 bytes for ./mapapi.bundle/images/icon_paopao_middle_left.png
2018-06-12 07:13:36 +0000  copying file ./mapapi.bundle/images/icon_compass.png ... 
2018-06-12 07:13:36 +0000  3807 bytes for ./mapapi.bundle/images/icon_compass.png
2018-06-12 07:13:36 +0000  copying file ./mapapi.bundle/images/icon_paopao_middle_right@2x.png ... 
2018-06-12 07:13:36 +0000  4202 bytes for ./mapapi.bundle/images/icon_paopao_middle_right@2x.png
2018-06-12 07:13:36 +0000  copying file ./mapapi.bundle/images/direction_wheel.png ... 
2018-06-12 07:13:36 +0000  3839 bytes for ./mapapi.bundle/images/direction_wheel.png
2018-06-12 07:13:36 +0000  copying file ./mapapi.bundle/images/icon_paopao_middle_right_highlighted@2x.png ... 
2018-06-12 07:13:36 +0000  4185 bytes for ./mapapi.bundle/images/icon_paopao_middle_right_highlighted@2x.png
2018-06-12 07:13:36 +0000  copying file ./mapapi.bundle/images/icon_center_point.png ... 
2018-06-12 07:13:36 +0000  1168 bytes for ./mapapi.bundle/images/icon_center_point.png
2018-06-12 07:13:36 +0000  copying file ./mapapi.bundle/images/lineDashTexture.png ... 
2018-06-12 07:13:36 +0000  194 bytes for ./mapapi.bundle/images/lineDashTexture.png
2018-06-12 07:13:36 +0000  copying file ./mapapi.bundle/images/icon_paopao_middle_left_highlighted@2x.png ... 
2018-06-12 07:13:36 +0000  4291 bytes for ./mapapi.bundle/images/icon_paopao_middle_left_highlighted@2x.png
2018-06-12 07:13:36 +0000  copying file ./mapapi.bundle/images/icon_action_paopao_middle_right_highlighted@2x.png ... 
2018-06-12 07:13:36 +0000  3328 bytes for ./mapapi.bundle/images/icon_action_paopao_middle_right_highlighted@2x.png
2018-06-12 07:13:36 +0000  copying file ./mapapi.bundle/images/bnavi_icon_location_fixed.png ... 
2018-06-12 07:13:36 +0000  601 bytes for ./mapapi.bundle/images/bnavi_icon_location_fixed.png
2018-06-12 07:13:36 +0000  copying file ./mapapi.bundle/images/icon_cellphone.png ... 
2018-06-12 07:13:36 +0000  2703 bytes for ./mapapi.bundle/images/icon_cellphone.png
2018-06-12 07:13:36 +0000  copying file ./mapapi.bundle/images/icon_cellphone2.png ... 
2018-06-12 07:13:36 +0000  3712 bytes for ./mapapi.bundle/images/icon_cellphone2.png
2018-06-12 07:13:36 +0000  copying file ./mapapi.bundle/images/baidumap_logo@2x.png ... 
2018-06-12 07:13:36 +0000  5920 bytes for ./mapapi.bundle/images/baidumap_logo@2x.png
2018-06-12 07:13:36 +0000  copying file ./mapapi.bundle/images/icon_compass_background@2x.png ... 
2018-06-12 07:13:36 +0000  5464 bytes for ./mapapi.bundle/images/icon_compass_background@2x.png
2018-06-12 07:13:36 +0000  copying file ./mapapi.bundle/images/icon_compass_background.png ... 
2018-06-12 07:13:36 +0000  4797 bytes for ./mapapi.bundle/images/icon_compass_background.png
2018-06-12 07:13:36 +0000  copying file ./mapapi.bundle/images/icon_cellphone2@2x.png ... 
2018-06-12 07:13:36 +0000  7717 bytes for ./mapapi.bundle/images/icon_cellphone2@2x.png
copying file ./mapapi.bundle/images/pin_green@2x.png ... 
2018-06-12 07:13:36 +0000  5685 bytes for ./mapapi.bundle/images/pin_green@2x.png
2018-06-12 07:13:36 +0000  copying file ./mapapi.bundle/images/bnavi_icon_location_fixed@2x.png ... 
2018-06-12 07:13:36 +0000  1458 bytes for ./mapapi.bundle/images/bnavi_icon_location_fixed@2x.png
2018-06-12 07:13:36 +0000  copying file ./mapapi.bundle/images/icon_nav_waypoint@2x.png ... 
2018-06-12 07:13:36 +0000  5068 bytes for ./mapapi.bundle/images/icon_nav_waypoint@2x.png
2018-06-12 07:13:36 +0000  copying file ./mapapi.bundle/images/line_texture.png ... 
2018-06-12 07:13:36 +0000  2830 bytes for ./mapapi.bundle/images/line_texture.png
2018-06-12 07:13:36 +0000  copying file ./mapapi.bundle/images/pin_green.png ... 
2018-06-12 07:13:36 +0000  3896 bytes for ./mapapi.bundle/images/pin_green.png
2018-06-12 07:13:36 +0000  copying file ./mapapi.bundle/images/icon_nav_bus.png ... 
2018-06-12 07:13:36 +0000  1818 bytes for ./mapapi.bundle/images/icon_nav_bus.png
2018-06-12 07:13:36 +0000  copying file ./mapapi.bundle/images/icon_direction@2x.png ... 
2018-06-12 07:13:36 +0000  3496 bytes for ./mapapi.bundle/images/icon_direction@2x.png
2018-06-12 07:13:36 +0000  copying file ./mapapi.bundle/images/icon_compass@2x.png ... 
2018-06-12 07:13:36 +0000  2972 bytes for ./mapapi.bundle/images/icon_compass@2x.png
2018-06-12 07:13:36 +0000  copying file ./mapapi.bundle/images/icon_action_paopao_middle_left.png ... 
2018-06-12 07:13:36 +0000  3065 bytes for ./mapapi.bundle/images/icon_action_paopao_middle_left.png
2018-06-12 07:13:36 +0000  copying file ./mapapi.bundle/images/icon_action_paopao_middle_right@2x.png ... 
2018-06-12 07:13:36 +0000  3323 bytes for ./mapapi.bundle/images/icon_action_paopao_middle_right@2x.png
2018-06-12 07:13:36 +0000  copying file ./mapapi.bundle/images/pin_red@2x.png ... 
2018-06-12 07:13:36 +0000  5533 bytes for ./mapapi.bundle/images/pin_red@2x.png
2018-06-12 07:13:36 +0000  copying file ./mapapi.bundle/files/cfg/a/DVVersion.cfg ... 
2018-06-12 07:13:36 +0000  441 bytes for ./mapapi.bundle/files/cfg/a/DVVersion.cfg
2018-06-12 07:13:36 +0000  copying file ./mapapi.bundle/files/cfg/a/DVStreet.cfg ... 
2018-06-12 07:13:36 +0000  24669 bytes for ./mapapi.bundle/files/cfg/a/DVStreet.cfg
2018-06-12 07:13:36 +0000  copying file ./mapapi.bundle/files/cfg/a/DVHotcity.cfg ... 
2018-06-12 07:13:36 +0000  1937 bytes for ./mapapi.bundle/files/cfg/a/DVHotcity.cfg
2018-06-12 07:13:36 +0000  copying file ./mapapi.bundle/files/cfg/a/DVDirectory.cfg ... 
2018-06-12 07:13:36 +0000  75971 bytes for ./mapapi.bundle/files/cfg/a/DVDirectory.cfg
copying file ./mapapi.bundle/files/cfg/a/DVHotMap.cfg ... 
2018-06-12 07:13:36 +0000  11174 bytes for ./mapapi.bundle/files/cfg/a/DVHotMap.cfg
2018-06-12 07:13:36 +0000  copying file ./mapapi.bundle/files/cfg/a/DVSDirectory.cfg ... 
2018-06-12 07:13:36 +0000  7483 bytes for ./mapapi.bundle/files/cfg/a/DVSDirectory.cfg
2018-06-12 07:13:36 +0000  copying file ./mapapi.bundle/files/cfg/a/mode_1/reduct.sty ... 
2018-06-12 07:13:36 +0000  466440 bytes for ./mapapi.bundle/files/cfg/a/mode_1/reduct.sty
2018-06-12 07:13:36 +0000  copying file ./mapapi.bundle/files/cfg/a/mode_1/map.sty ... 
2018-06-12 07:13:36 +0000  930760 bytes for ./mapapi.bundle/files/cfg/a/mode_1/map.sty
2018-06-12 07:13:36 +0000  copying file ./mapapi.bundle/files/cfg/a/mode_1/traffic.sty ... 
2018-06-12 07:13:36 +0000  468628 bytes for ./mapapi.bundle/files/cfg/a/mode_1/traffic.sty
2018-06-12 07:13:36 +0000  copying file ./mapapi.bundle/files/cfg/a/mode_1/traffic.rs ... 
2018-06-12 07:13:36 +0000  131766 bytes for ./mapapi.bundle/files/cfg/a/mode_1/traffic.rs
2018-06-12 07:13:36 +0000  copying file ./mapapi.bundle/files/cfg/a/mode_1/map.rs ... 
2018-06-12 07:13:36 +0000  1080142 bytes for ./mapapi.bundle/files/cfg/a/mode_1/map.rs
copying file ./mapapi.bundle/files/cfg/a/mode_1/reduct.rs ... 
2018-06-12 07:13:36 +0000  279264 bytes for ./mapapi.bundle/files/cfg/a/mode_1/reduct.rs
2018-06-12 07:13:36 +0000  copying file ./mapapi.bundle/files/cfg/a/CustomIndex ... 
2018-06-12 07:13:36 +0000  67847 bytes for ./mapapi.bundle/files/cfg/a/CustomIndex
2018-06-12 07:13:36 +0000  copying file ./mapapi.bundle/files/cfg/idrres/baseindoormap.sty ... 
2018-06-12 07:13:36 +0000  50723 bytes for ./mapapi.bundle/files/cfg/idrres/baseindoormap.sty
2018-06-12 07:13:36 +0000  copying file ./mapapi.bundle/files/cfg/idrres/ResPackIndoorMap.rs ... 
2018-06-12 07:13:36 +0000  446263 bytes for ./mapapi.bundle/files/cfg/idrres/ResPackIndoorMap.rs
copying file ./mapapi.bundle/files/cfg/idrres/DVIndoor.cfg ... 
2018-06-12 07:13:36 +0000  14524 bytes for ./mapapi.bundle/files/cfg/idrres/DVIndoor.cfg
2018-06-12 07:13:36 +0000  copying file ./lookup_soft_elegance_2.png ... 
2018-06-12 07:13:36 +0000  2199 bytes for ./lookup_soft_elegance_2.png
2018-06-12 07:13:36 +0000  copying file ./AppIcon20x20@2x.png ... 
2018-06-12 07:13:36 +0000  1544 bytes for ./AppIcon20x20@2x.png
2018-06-12 07:13:36 +0000  copying file ./ZLPhotoBrowser.bundle/zl_takePhoto@3x.png ... 
2018-06-12 07:13:36 +0000  2218 bytes for ./ZLPhotoBrowser.bundle/zl_takePhoto@3x.png
2018-06-12 07:13:36 +0000  copying file ./ZLPhotoBrowser.bundle/zl_clip@2x.png ... 
2018-06-12 07:13:36 +0000  1015 bytes for ./ZLPhotoBrowser.bundle/zl_clip@2x.png
copying file ./ZLPhotoBrowser.bundle/zl_video@2x.png ... 
2018-06-12 07:13:36 +0000  1034 bytes for ./ZLPhotoBrowser.bundle/zl_video@2x.png
copying file ./ZLPhotoBrowser.bundle/zl_btn_rotate.png ... 
2018-06-12 07:13:36 +0000  8924 bytes for ./ZLPhotoBrowser.bundle/zl_btn_rotate.png
2018-06-12 07:13:36 +0000  copying file ./ZLPhotoBrowser.bundle/zh-Hans.lproj/Localizable.strings ... 
2018-06-12 07:13:36 +0000  2390 bytes for ./ZLPhotoBrowser.bundle/zh-Hans.lproj/Localizable.strings
2018-06-12 07:13:36 +0000  copying file ./ZLPhotoBrowser.bundle/zl_btn_circle@2x.png ... 
2018-06-12 07:13:36 +0000  1540 bytes for ./ZLPhotoBrowser.bundle/zl_btn_circle@2x.png
2018-06-12 07:13:36 +0000  copying file ./ZLPhotoBrowser.bundle/zl_videoLoadFailed@2x.png ... 
2018-06-12 07:13:36 +0000  637 bytes for ./ZLPhotoBrowser.bundle/zl_videoLoadFailed@2x.png
2018-06-12 07:13:36 +0000  copying file ./ZLPhotoBrowser.bundle/en.lproj/Localizable.strings ... 
2018-06-12 07:13:36 +0000  2373 bytes for ./ZLPhotoBrowser.bundle/en.lproj/Localizable.strings
2018-06-12 07:13:36 +0000  copying file ./ZLPhotoBrowser.bundle/zl_btn_unselected.png ... 
2018-06-12 07:13:36 +0000  3313 bytes for ./ZLPhotoBrowser.bundle/zl_btn_unselected.png
2018-06-12 07:13:36 +0000  copying file ./ZLPhotoBrowser.bundle/zl_btn_selected@3x.png ... 
2018-06-12 07:13:36 +0000  1775 bytes for ./ZLPhotoBrowser.bundle/zl_btn_selected@3x.png
2018-06-12 07:13:36 +0000  copying file ./ZLPhotoBrowser.bundle/zl_takeok@2x.png ... 
2018-06-12 07:13:36 +0000  2668 bytes for ./ZLPhotoBrowser.bundle/zl_takeok@2x.png
2018-06-12 07:13:36 +0000  copying file ./ZLPhotoBrowser.bundle/zl_rotateimage.png ... 
2018-06-12 07:13:36 +0000  758 bytes for ./ZLPhotoBrowser.bundle/zl_rotateimage.png
2018-06-12 07:13:36 +0000  copying file ./ZLPhotoBrowser.bundle/zl_focus@3x.png ... 
2018-06-12 07:13:36 +0000  2224 bytes for ./ZLPhotoBrowser.bundle/zl_focus@3x.png
2018-06-12 07:13:36 +0000  copying file ./ZLPhotoBrowser.bundle/zl_focus@2x.png ... 
2018-06-12 07:13:36 +0000  1328 bytes for ./ZLPhotoBrowser.bundle/zl_focus@2x.png
2018-06-12 07:13:36 +0000  copying file ./ZLPhotoBrowser.bundle/zl_btn_selected@2x.png ... 
2018-06-12 07:13:36 +0000  1101 bytes for ./ZLPhotoBrowser.bundle/zl_btn_selected@2x.png
2018-06-12 07:13:36 +0000  copying file ./ZLPhotoBrowser.bundle/zl_takeok@3x.png ... 
2018-06-12 07:13:36 +0000  3863 bytes for ./ZLPhotoBrowser.bundle/zl_takeok@3x.png
2018-06-12 07:13:36 +0000  copying file ./ZLPhotoBrowser.bundle/zl_videoLoadFailed@3x.png ... 
2018-06-12 07:13:36 +0000  801 bytes for ./ZLPhotoBrowser.bundle/zl_videoLoadFailed@3x.png
2018-06-12 07:13:36 +0000  copying file ./ZLPhotoBrowser.bundle/zl_defaultphoto.png ... 
2018-06-12 07:13:36 +0000  2474 bytes for ./ZLPhotoBrowser.bundle/zl_defaultphoto.png
2018-06-12 07:13:36 +0000  copying file ./ZLPhotoBrowser.bundle/zl_btn_circle@3x.png ... 
2018-06-12 07:13:36 +0000  3814 bytes for ./ZLPhotoBrowser.bundle/zl_btn_circle@3x.png
2018-06-12 07:13:36 +0000  copying file ./ZLPhotoBrowser.bundle/zl_btn_selected.png ... 
2018-06-12 07:13:36 +0000  598 bytes for ./ZLPhotoBrowser.bundle/zl_btn_selected.png
copying file ./ZLPhotoBrowser.bundle/zl_video@3x.png ... 
2018-06-12 07:13:36 +0000  1275 bytes for ./ZLPhotoBrowser.bundle/zl_video@3x.png
2018-06-12 07:13:36 +0000  copying file ./ZLPhotoBrowser.bundle/zl_takePhoto@2x.png ... 
2018-06-12 07:13:36 +0000  1420 bytes for ./ZLPhotoBrowser.bundle/zl_takePhoto@2x.png
2018-06-12 07:13:36 +0000  copying file ./ZLPhotoBrowser.bundle/zl_clip@3x.png ... 
2018-06-12 07:13:36 +0000  1335 bytes for ./ZLPhotoBrowser.bundle/zl_clip@3x.png
2018-06-12 07:13:36 +0000  copying file ./ZLPhotoBrowser.bundle/zl_rotateimage@2x.png ... 
2018-06-12 07:13:36 +0000  1123 bytes for ./ZLPhotoBrowser.bundle/zl_rotateimage@2x.png
2018-06-12 07:13:36 +0000  copying file ./ZLPhotoBrowser.bundle/zl_btn_original_circle@3x.png ... 
2018-06-12 07:13:36 +0000  2668 bytes for ./ZLPhotoBrowser.bundle/zl_btn_original_circle@3x.png
2018-06-12 07:13:36 +0000  copying file ./ZLPhotoBrowser.bundle/zl_videoView@2x.png ... 
2018-06-12 07:13:36 +0000  15373 bytes for ./ZLPhotoBrowser.bundle/zl_videoView@2x.png
2018-06-12 07:13:36 +0000  copying file ./ZLPhotoBrowser.bundle/zl_playVideo@3x.png ... 
2018-06-12 07:13:36 +0000  23821 bytes for ./ZLPhotoBrowser.bundle/zl_playVideo@3x.png
2018-06-12 07:13:36 +0000  copying file ./ZLPhotoBrowser.bundle/zl_fennen.png ... 
2018-06-12 07:13:36 +0000  3062 bytes for ./ZLPhotoBrowser.bundle/zl_fennen.png
2018-06-12 07:13:36 +0000  copying file ./ZLPhotoBrowser.bundle/zl_playVideo@2x.png ... 
2018-06-12 07:13:36 +0000  21247 bytes for ./ZLPhotoBrowser.bundle/zl_playVideo@2x.png
2018-06-12 07:13:36 +0000  copying file ./ZLPhotoBrowser.bundle/zl_videoView@3x.png ... 
2018-06-12 07:13:36 +0000  15761 bytes for ./ZLPhotoBrowser.bundle/zl_videoView@3x.png
2018-06-12 07:13:36 +0000  copying file ./ZLPhotoBrowser.bundle/zl_btn_original_circle@2x.png ... 
2018-06-12 07:13:36 +0000  1885 bytes for ./ZLPhotoBrowser.bundle/zl_btn_original_circle@2x.png
2018-06-12 07:13:36 +0000  copying file ./ZLPhotoBrowser.bundle/zh-Hant.lproj/Localizable.strings ... 
2018-06-12 07:13:36 +0000  2390 bytes for ./ZLPhotoBrowser.bundle/zh-Hant.lproj/Localizable.strings
2018-06-12 07:13:36 +0000  copying file ./ZLPhotoBrowser.bundle/zl_rotateimage@3x.png ... 
2018-06-12 07:13:36 +0000  1469 bytes for ./ZLPhotoBrowser.bundle/zl_rotateimage@3x.png
2018-06-12 07:13:36 +0000  copying file ./ZLPhotoBrowser.bundle/zl_lock.png ... 
2018-06-12 07:13:36 +0000  22135 bytes for ./ZLPhotoBrowser.bundle/zl_lock.png
2018-06-12 07:13:36 +0000  copying file ./ZLPhotoBrowser.bundle/zl_draw@3x.png ... 
2018-06-12 07:13:36 +0000  3079 bytes for ./ZLPhotoBrowser.bundle/zl_draw@3x.png
2018-06-12 07:13:36 +0000  copying file ./ZLPhotoBrowser.bundle/zl_navBackBtn@2x.png ... 
2018-06-12 07:13:36 +0000  116 bytes for ./ZLPhotoBrowser.bundle/zl_navBackBtn@2x.png
2018-06-12 07:13:36 +0000  copying file ./ZLPhotoBrowser.bundle/zl_arrow_down@3x.png ... 
2018-06-12 07:13:36 +0000  2201 bytes for ./ZLPhotoBrowser.bundle/zl_arrow_down@3x.png
2018-06-12 07:13:36 +0000  copying file ./ZLPhotoBrowser.bundle/zl_retake@2x.png ... 
2018-06-12 07:13:36 +0000  2167 bytes for ./ZLPhotoBrowser.bundle/zl_retake@2x.png
copying file ./ZLPhotoBrowser.bundle/zl_ic_left@2x.png ... 
2018-06-12 07:13:36 +0000  203 bytes for ./ZLPhotoBrowser.bundle/zl_ic_left@2x.png
2018-06-12 07:13:36 +0000  copying file ./ZLPhotoBrowser.bundle/zl_ic_left@3x.png ... 
2018-06-12 07:13:36 +0000  514 bytes for ./ZLPhotoBrowser.bundle/zl_ic_left@3x.png
2018-06-12 07:13:36 +0000  copying file ./ZLPhotoBrowser.bundle/zl_retake@3x.png ... 
2018-06-12 07:13:36 +0000  3006 bytes for ./ZLPhotoBrowser.bundle/zl_retake@3x.png
copying file ./ZLPhotoBrowser.bundle/zl_arrow_down@2x.png ... 
2018-06-12 07:13:36 +0000  1553 bytes for ./ZLPhotoBrowser.bundle/zl_arrow_down@2x.png
copying file ./ZLPhotoBrowser.bundle/zl_draw@2x.png ... 
2018-06-12 07:13:36 +0000  2095 bytes for ./ZLPhotoBrowser.bundle/zl_draw@2x.png
2018-06-12 07:13:36 +0000  copying file ./ZLPhotoBrowser.bundle/zl_btn_original_circle.png ... 
2018-06-12 07:13:36 +0000  1037 bytes for ./ZLPhotoBrowser.bundle/zl_btn_original_circle.png
copying file ./ZLPhotoBrowser.bundle/zl_btn_unselected@2x.png ... 
2018-06-12 07:13:36 +0000  4084 bytes for ./ZLPhotoBrowser.bundle/zl_btn_unselected@2x.png
2018-06-12 07:13:36 +0000  copying file ./ZLPhotoBrowser.bundle/zl_livePhoto@2x.png ... 
2018-06-12 07:13:36 +0000  2032 bytes for ./ZLPhotoBrowser.bundle/zl_livePhoto@2x.png
2018-06-12 07:13:36 +0000  copying file ./ZLPhotoBrowser.bundle/zl_revoke@2x.png ... 
2018-06-12 07:13:36 +0000  1068 bytes for ./ZLPhotoBrowser.bundle/zl_revoke@2x.png
2018-06-12 07:13:36 +0000  copying file ./ZLPhotoBrowser.bundle/zl_filter@3x.png ... 
2018-06-12 07:13:36 +0000  1959 bytes for ./ZLPhotoBrowser.bundle/zl_filter@3x.png
2018-06-12 07:13:36 +0000  copying file ./ZLPhotoBrowser.bundle/zl_ic_right@3x.png ... 
2018-06-12 07:13:36 +0000  502 bytes for ./ZLPhotoBrowser.bundle/zl_ic_right@3x.png
2018-06-12 07:13:36 +0000  copying file ./ZLPhotoBrowser.bundle/zl_toggle_camera@2x.png ... 
2018-06-12 07:13:36 +0000  2392 bytes for ./ZLPhotoBrowser.bundle/zl_toggle_camera@2x.png
2018-06-12 07:13:36 +0000  copying file ./ZLPhotoBrowser.bundle/ja-US.lproj/Localizable.strings ... 
2018-06-12 07:13:36 +0000  2783 bytes for ./ZLPhotoBrowser.bundle/ja-US.lproj/Localizable.strings
2018-06-12 07:13:36 +0000  copying file ./ZLPhotoBrowser.bundle/zl_toggle_camera@3x.png ... 
2018-06-12 07:13:36 +0000  3492 bytes for ./ZLPhotoBrowser.bundle/zl_toggle_camera@3x.png
2018-06-12 07:13:36 +0000  copying file ./ZLPhotoBrowser.bundle/zl_ic_right@2x.png ... 
2018-06-12 07:13:36 +0000  208 bytes for ./ZLPhotoBrowser.bundle/zl_ic_right@2x.png
2018-06-12 07:13:36 +0000  copying file ./ZLPhotoBrowser.bundle/zl_filter@2x.png ... 
2018-06-12 07:13:36 +0000  1441 bytes for ./ZLPhotoBrowser.bundle/zl_filter@2x.png
2018-06-12 07:13:36 +0000  copying file ./ZLPhotoBrowser.bundle/zl_revoke@3x.png ... 
2018-06-12 07:13:36 +0000  1430 bytes for ./ZLPhotoBrowser.bundle/zl_revoke@3x.png
copying file ./ZLPhotoBrowser.bundle/zl_livePhoto@3x.png ... 
2018-06-12 07:13:36 +0000  3462 bytes for ./ZLPhotoBrowser.bundle/zl_livePhoto@3x.png
copying file ./ZLPhotoBrowser.bundle/zl_btn_unselected@3x.png ... 
2018-06-12 07:13:36 +0000  4884 bytes for ./ZLPhotoBrowser.bundle/zl_btn_unselected@3x.png
2018-06-12 07:13:36 +0000  copying file ./lookup_soft_elegance_1.png ... 
2018-06-12 07:13:36 +0000  129208 bytes for ./lookup_soft_elegance_1.png
copying file ./AppIcon20x20@3x.png ... 
2018-06-12 07:13:36 +0000  2277 bytes for ./AppIcon20x20@3x.png
copying file ./lookup.png ... 
2018-06-12 07:13:36 +0000  2095 bytes for ./lookup.png
2018-06-12 07:13:36 +0000  copying file ./MJRefresh.bundle/zh-Hans.lproj/Localizable.strings ... 
2018-06-12 07:13:36 +0000  1194 bytes for ./MJRefresh.bundle/zh-Hans.lproj/Localizable.strings
2018-06-12 07:13:36 +0000  copying file ./MJRefresh.bundle/en.lproj/Localizable.strings ... 
2018-06-12 07:13:36 +0000  1372 bytes for ./MJRefresh.bundle/en.lproj/Localizable.strings
2018-06-12 07:13:36 +0000  copying file ./MJRefresh.bundle/arrow@2x.png ... 
2018-06-12 07:13:36 +0000  1033 bytes for ./MJRefresh.bundle/arrow@2x.png
2018-06-12 07:13:36 +0000  copying file ./MJRefresh.bundle/zh-Hant.lproj/Localizable.strings ... 
2018-06-12 07:13:36 +0000  773 bytes for ./MJRefresh.bundle/zh-Hant.lproj/Localizable.strings
2018-06-12 07:13:36 +0000  copying file ./ZLPhotoBrowserCell.nib ... 
2018-06-12 07:13:36 +0000  3639 bytes for ./ZLPhotoBrowserCell.nib
copying file ./AppIcon60x60@2x.png ... 
2018-06-12 07:13:36 +0000  6543 bytes for ./AppIcon60x60@2x.png
2018-06-12 07:13:36 +0000  copying file ./IQKeyboardManager.bundle/IQButtonBarArrowRight@2x.png ... 
2018-06-12 07:13:36 +0000  1786 bytes for ./IQKeyboardManager.bundle/IQButtonBarArrowRight@2x.png
copying file ./IQKeyboardManager.bundle/IQButtonBarArrowUp@3x.png ... 
2018-06-12 07:13:36 +0000  2164 bytes for ./IQKeyboardManager.bundle/IQButtonBarArrowUp@3x.png
copying file ./IQKeyboardManager.bundle/IQButtonBarArrowUp@2x.png ... 
2018-06-12 07:13:36 +0000  1769 bytes for ./IQKeyboardManager.bundle/IQButtonBarArrowUp@2x.png
2018-06-12 07:13:36 +0000  copying file ./IQKeyboardManager.bundle/IQButtonBarArrowRight@3x.png ... 
2018-06-12 07:13:36 +0000  1844 bytes for ./IQKeyboardManager.bundle/IQButtonBarArrowRight@3x.png
copying file ./IQKeyboardManager.bundle/IQButtonBarArrowLeft@3x.png ... 
2018-06-12 07:13:36 +0000  1815 bytes for ./IQKeyboardManager.bundle/IQButtonBarArrowLeft@3x.png
2018-06-12 07:13:36 +0000  copying file ./IQKeyboardManager.bundle/IQButtonBarArrowDown@3x.png ... 
2018-06-12 07:13:36 +0000  2177 bytes for ./IQKeyboardManager.bundle/IQButtonBarArrowDown@3x.png
2018-06-12 07:13:36 +0000  copying file ./IQKeyboardManager.bundle/IQButtonBarArrowDown@2x.png ... 
2018-06-12 07:13:36 +0000  1764 bytes for ./IQKeyboardManager.bundle/IQButtonBarArrowDown@2x.png
copying file ./IQKeyboardManager.bundle/IQButtonBarArrowLeft@2x.png ... 
2018-06-12 07:13:36 +0000  1793 bytes for ./IQKeyboardManager.bundle/IQButtonBarArrowLeft@2x.png
2018-06-12 07:13:36 +0000  copying file ./AppIcon29x29@2x.png ... 
2018-06-12 07:13:36 +0000  2198 bytes for ./AppIcon29x29@2x.png
copying file ./aboutUS.txt ... 
2018-06-12 07:13:36 +0000  770 bytes for ./aboutUS.txt
copying file ./lookup_amatorka.png ... 
2018-06-12 07:13:36 +0000  36390 bytes for ./lookup_amatorka.png
copying file ./ZLPhotoActionSheet.nib ... 
2018-06-12 07:13:36 +0000  6615 bytes for ./ZLPhotoActionSheet.nib
copying file ./AppIcon40x40@3x.png ... 
2018-06-12 07:13:36 +0000  6543 bytes for ./AppIcon40x40@3x.png
2018-06-12 07:13:36 +0000  copying file ./AppIcon40x40@2x.png ... 
2018-06-12 07:13:36 +0000  3391 bytes for ./AppIcon40x40@2x.png
copying file ./AppIcon29x29@3x.png ... 
2018-06-12 07:13:36 +0000  3811 bytes for ./AppIcon29x29@3x.png
2018-06-12 07:13:36 +0000  copying file ./AppIcon60x60@3x.png ... 
2018-06-12 07:13:36 +0000  13148 bytes for ./AppIcon60x60@3x.png
2018-06-12 07:13:36 +0000  copying file ./XLForm.bundle/forwardarrow@2x.png ... 
2018-06-12 07:13:36 +0000  1559 bytes for ./XLForm.bundle/forwardarrow@2x.png
2018-06-12 07:13:36 +0000  copying file ./Base.lproj/LaunchScreen.storyboardc/01J-lp-oVM-view-Ze5-6b-2t3.nib ... 
2018-06-12 07:13:36 +0000  2314 bytes for ./Base.lproj/LaunchScreen.storyboardc/01J-lp-oVM-view-Ze5-6b-2t3.nib
2018-06-12 07:13:36 +0000  copying file ./Base.lproj/LaunchScreen.storyboardc/UIViewController-01J-lp-oVM.nib ... 
2018-06-12 07:13:36 +0000  832 bytes for ./Base.lproj/LaunchScreen.storyboardc/UIViewController-01J-lp-oVM.nib
2018-06-12 07:13:36 +0000  copying file ./Base.lproj/LaunchScreen.storyboardc/Info.plist ... 
2018-06-12 07:13:36 +0000  258 bytes for ./Base.lproj/LaunchScreen.storyboardc/Info.plist
2018-06-12 07:13:36 +0000  copying file ./kcgf.pdf ... 
2018-06-12 07:13:36 +0000  8836470 bytes for ./kcgf.pdf
copying file ./Assets.car ... 
2018-06-12 07:13:36 +0000  1457128 bytes for ./Assets.car
2018-06-12 07:13:36 +0000  copying file ./CTK ... 
2018-06-12 07:13:36 +0000  16685088 bytes for ./CTK
copying file ./embedded.mobileprovision ... 
2018-06-12 07:13:36 +0000  2018-06-12 07:13:36 +0000  /usr/bin/ditto exited with 0

2018-06-12 07:13:36 +0000  39282 bytes for ./embedded.mobileprovision
copying file ./SVProgressHUD.bundle/info.png ... 
365 bytes for ./SVProgressHUD.bundle/info.png
copying file ./SVProgressHUD.bundle/error@3x.png ... 
398 bytes for ./SVProgressHUD.bundle/error@3x.png
copying file ./SVProgressHUD.bundle/angle-mask@3x.png ... 
8319 bytes for ./SVProgressHUD.bundle/angle-mask@3x.png
copying file ./SVProgressHUD.bundle/angle-mask@2x.png ... 
4893 bytes for ./SVProgressHUD.bundle/angle-mask@2x.png
copying file ./SVProgressHUD.bundle/error@2x.png ... 
306 bytes for ./SVProgressHUD.bundle/error@2x.png
copying file ./SVProgressHUD.bundle/info@3x.png ... 
1200 bytes for ./SVProgressHUD.bundle/info@3x.png
copying file ./SVProgressHUD.bundle/success@2x.png ... 
462 bytes for ./SVProgressHUD.bundle/success@2x.png
copying file ./SVProgressHUD.bundle/success@3x.png ... 
714 bytes for ./SVProgressHUD.bundle/success@3x.png
copying file ./SVProgressHUD.bundle/info@2x.png ... 
816 bytes for ./SVProgressHUD.bundle/info@2x.png
copying file ./SVProgressHUD.bundle/error.png ... 
184 bytes for ./SVProgressHUD.bundle/error.png
copying file ./SVProgressHUD.bundle/success.png ... 
262 bytes for ./SVProgressHUD.bundle/success.png
copying file ./SVProgressHUD.bundle/angle-mask.png ... 
1845 bytes for ./SVProgressHUD.bundle/angle-mask.png
copying file ./lookup_miss_etikate.png ... 
202596 bytes for ./lookup_miss_etikate.png
copying file ./Info.plist ... 
1771 bytes for ./Info.plist
copying file ./PkgInfo ... 
8 bytes for ./PkgInfo
2018-06-12 07:13:36 +0000  Processing step: IDEDistributionEmbedProfileStep
2018-06-12 07:13:36 +0000  Processing step: IDEDistributionAppThinningPlistStep
2018-06-12 07:13:36 +0000  Skipping step: IDEDistributionAppThinningPlistStep because it said so
2018-06-12 07:13:36 +0000  Processing step: IDEDistributionCompileBitcodeStep
2018-06-12 07:13:36 +0000  Skipping step: IDEDistributionCompileBitcodeStep because it said so
2018-06-12 07:13:36 +0000  Processing step: IDEDistributionCodeSlimmingStep
2018-06-12 07:13:36 +0000  Processing step: IDEDistributionCopyBCSymbolMapsStep
2018-06-12 07:13:36 +0000  Skipping step: IDEDistributionCopyBCSymbolMapsStep because it said so
2018-06-12 07:13:36 +0000  Processing step: IDEDistributionSymbolsStep
2018-06-12 07:13:36 +0000  Skipping step: IDEDistributionSymbolsStep because it said so
2018-06-12 07:13:36 +0000  Processing step: IDEDistributionAppThinningStep
2018-06-12 07:13:36 +0000  Skipping step: IDEDistributionAppThinningStep because it said so
2018-06-12 07:13:36 +0000  Processing step: IDEDistributionODRStep
2018-06-12 07:13:36 +0000  Processing step: IDEDistributionStripXattrsStep
2018-06-12 07:13:36 +0000  Running /usr/bin/xattr '-crs' '/var/folders/7q/m2g08b055_nc595mkxzfnq_m0000gn/T/XcodeDistPipeline.WxE/Root/Payload/CTK.app'
2018-06-12 07:13:36 +0000  2018-06-12 07:13:36 +0000  

2018-06-12 07:13:36 +0000  /usr/bin/xattr exited with 02018-06-12 07:13:36 +0000  

2018-06-12 07:13:36 +0000  
2018-06-12 07:13:36 +0000  2018-06-12 07:13:36 +0000  Processing step: IDEDistributionCodesignStep

2018-06-12 07:13:36 +0000  Entitlements for <IDEDistributionItem: 0x7f9a390275c0 'com.sundear.CTK' '<DVTFilePath:0x7f9a2875e800:'/Users/xiasang/Library/Developer/Xcode/Archives/2018-06-12/CTK 2018-6-12 15.02.xcarchive/Products/Applications/CTK.app'>'>: {
    "application-identifier" = "8DJVMG37WW.com.sundear.CTK";
    "com.apple.developer.team-identifier" = 8DJVMG37WW;
    "get-task-allow" = 1;
    "keychain-access-groups" =     (
        "8DJVMG37WW.com.sundear.CTK"
    );
}
2018-06-12 07:13:36 +0000  Writing entitlements for <IDEDistributionItem: 0x7f9a390275c0 'com.sundear.CTK' '<DVTFilePath:0x7f9a2875e800:'/Users/xiasang/Library/Developer/Xcode/Archives/2018-06-12/CTK 2018-6-12 15.02.xcarchive/Products/Applications/CTK.app'>'> to: /var/folders/7q/m2g08b055_nc595mkxzfnq_m0000gn/T/XcodeDistPipeline.WxE/entitlementsnvW9k6
2018-06-12 07:13:36 +0000  Running /usr/bin/codesign '-vvv' '--force' '--sign' '96E29E2DA4A329DAB6740D074FBD82E6BDFFE529' '--preserve-metadata=identifier,flags' '--entitlements' '/var/folders/7q/m2g08b055_nc595mkxzfnq_m0000gn/T/XcodeDistPipeline.WxE/entitlementsnvW9k6' '/var/folders/7q/m2g08b055_nc595mkxzfnq_m0000gn/T/XcodeDistPipeline.WxE/Root/Payload/CTK.app'
2018-06-12 07:13:36 +0000  /var/folders/7q/m2g08b055_nc595mkxzfnq_m0000gn/T/XcodeDistPipeline.WxE/Root/Payload/CTK.app: replacing existing signature
2018-06-12 07:13:37 +0000  /var/folders/7q/m2g08b055_nc595mkxzfnq_m0000gn/T/XcodeDistPipeline.WxE/Root/Payload/CTK.app: signed app bundle with Mach-O universal (armv7 arm64) [com.sundear.CTK]
2018-06-12 07:13:37 +0000  
2018-06-12 07:13:37 +0000  
2018-06-12 07:13:37 +0000  /usr/bin/codesign exited with 02018-06-12 07:13:37 +0000  

2018-06-12 07:13:37 +0000  
2018-06-12 07:13:37 +0000  
2018-06-12 07:13:37 +0000  Processing step: IDEDistributionStreamingZipItemStep
2018-06-12 07:13:37 +0000  Skipping step: IDEDistributionStreamingZipItemStep because it said so
2018-06-12 07:13:37 +0000  Processing step: IDEDistributionCreateIPAStep
2018-06-12 07:13:37 +0000  Running /usr/bin/ditto '-V' '-c' '-k' '--norsrc' '/var/folders/7q/m2g08b055_nc595mkxzfnq_m0000gn/T/XcodeDistPipeline.WxE/Root' '/var/folders/7q/m2g08b055_nc595mkxzfnq_m0000gn/T/XcodeDistPipeline.WxE/Packages/CTK.ipa'
2018-06-12 07:13:37 +0000  >>> Copying /var/folders/7q/m2g08b055_nc595mkxzfnq_m0000gn/T/XcodeDistPipeline.WxE/Root 
2018-06-12 07:13:37 +0000  copying file ./Payload/CTK.app/_CodeSignature/CodeResources ... 
2018-06-12 07:13:37 +0000  61786 bytes for ./Payload/CTK.app/_CodeSignature/CodeResources
2018-06-12 07:13:37 +0000  copying file ./Payload/CTK.app/mapapi.bundle/images/icon_paopao_middle_right.png ... 
2018-06-12 07:13:37 +0000  3411 bytes for ./Payload/CTK.app/mapapi.bundle/images/icon_paopao_middle_right.png
copying file ./Payload/CTK.app/mapapi.bundle/images/icon_nav_bus@2x.png ... 
2018-06-12 07:13:37 +0000  1394 bytes for ./Payload/CTK.app/mapapi.bundle/images/icon_nav_bus@2x.png
2018-06-12 07:13:37 +0000  copying file ./Payload/CTK.app/mapapi.bundle/images/icon_nav_start@2x.png ... 
2018-06-12 07:13:37 +0000  7712 bytes for ./Payload/CTK.app/mapapi.bundle/images/icon_nav_start@2x.png
copying file ./Payload/CTK.app/mapapi.bundle/images/icon_paopao_middle_right_highlighted.png ... 
2018-06-12 07:13:37 +0000  3386 bytes for ./Payload/CTK.app/mapapi.bundle/images/icon_paopao_middle_right_highlighted.png
copying file ./Payload/CTK.app/mapapi.bundle/images/baidumap_logo.png ... 
2018-06-12 07:13:37 +0000  4387 bytes for ./Payload/CTK.app/mapapi.bundle/images/baidumap_logo.png
copying file ./Payload/CTK.app/mapapi.bundle/images/icon_action_paopao_middle_left_highlighted.png ... 
2018-06-12 07:13:37 +0000  3059 bytes for ./Payload/CTK.app/mapapi.bundle/images/icon_action_paopao_middle_left_highlighted.png
2018-06-12 07:13:37 +0000  copying file ./Payload/CTK.app/mapapi.bundle/images/pin_red.png ... 
2018-06-12 07:13:37 +0000  3865 bytes for ./Payload/CTK.app/mapapi.bundle/images/pin_red.png
copying file ./Payload/CTK.app/mapapi.bundle/images/icon_nav_waypoint.png ... 
2018-06-12 07:13:37 +0000  4693 bytes for ./Payload/CTK.app/mapapi.bundle/images/icon_nav_waypoint.png
2018-06-12 07:13:37 +0000  copying file ./Payload/CTK.app/mapapi.bundle/images/icon_nav_rail@2x.png ... 
2018-06-12 07:13:37 +0000  1555 bytes for ./Payload/CTK.app/mapapi.bundle/images/icon_nav_rail@2x.png
copying file ./Payload/CTK.app/mapapi.bundle/images/icon_nav_rail.png ... 
2018-06-12 07:13:37 +0000  1950 bytes for ./Payload/CTK.app/mapapi.bundle/images/icon_nav_rail.png
copying file ./Payload/CTK.app/mapapi.bundle/images/icon_nav_end@2x.png ... 
2018-06-12 07:13:37 +0000  7991 bytes for ./Payload/CTK.app/mapapi.bundle/images/icon_nav_end@2x.png
copying file ./Payload/CTK.app/mapapi.bundle/images/pin_purple@2x.png ... 
2018-06-12 07:13:37 +0000  5716 bytes for ./Payload/CTK.app/mapapi.bundle/images/pin_purple@2x.png
copying file ./Payload/CTK.app/mapapi.bundle/images/icon_nav_end.png ... 
2018-06-12 07:13:37 +0000  4793 bytes for ./Payload/CTK.app/mapapi.bundle/images/icon_nav_end.png
2018-06-12 07:13:37 +0000  copying file ./Payload/CTK.app/mapapi.bundle/images/icon_cellphone@2x.png ... 
2018-06-12 07:13:37 +0000  4674 bytes for ./Payload/CTK.app/mapapi.bundle/images/icon_cellphone@2x.png
copying file ./Payload/CTK.app/mapapi.bundle/images/icon_action_paopao_middle_right_highlighted.png ... 
2018-06-12 07:13:37 +0000  3045 bytes for ./Payload/CTK.app/mapapi.bundle/images/icon_action_paopao_middle_right_highlighted.png
copying file ./Payload/CTK.app/mapapi.bundle/images/icon_paopao_middle_left@2x.png ... 
2018-06-12 07:13:37 +0000  4308 bytes for ./Payload/CTK.app/mapapi.bundle/images/icon_paopao_middle_left@2x.png
2018-06-12 07:13:37 +0000  copying file ./Payload/CTK.app/mapapi.bundle/images/icon_action_paopao_middle_left_highlighted@2x.png ... 
2018-06-12 07:13:37 +0000  3421 bytes for ./Payload/CTK.app/mapapi.bundle/images/icon_action_paopao_middle_left_highlighted@2x.png
copying file ./Payload/CTK.app/mapapi.bundle/images/icon_paopao_middle_left_highlighted.png ... 
2018-06-12 07:13:37 +0000  3452 bytes for ./Payload/CTK.app/mapapi.bundle/images/icon_paopao_middle_left_highlighted.png
copying file ./Payload/CTK.app/mapapi.bundle/images/icon_action_paopao_middle_right.png ... 
2018-06-12 07:13:37 +0000  3049 bytes for ./Payload/CTK.app/mapapi.bundle/images/icon_action_paopao_middle_right.png
copying file ./Payload/CTK.app/mapapi.bundle/images/icon_line_nofocus.png ... 
2018-06-12 07:13:37 +0000  112 bytes for ./Payload/CTK.app/mapapi.bundle/images/icon_line_nofocus.png
copying file ./Payload/CTK.app/mapapi.bundle/images/direction_wheel@2x.png ... 
2018-06-12 07:13:37 +0000  9255 bytes for ./Payload/CTK.app/mapapi.bundle/images/direction_wheel@2x.png
copying file ./Payload/CTK.app/mapapi.bundle/images/pin_purple.png ... 
2018-06-12 07:13:37 +0000  3909 bytes for ./Payload/CTK.app/mapapi.bundle/images/pin_purple.png
2018-06-12 07:13:37 +0000  copying file ./Payload/CTK.app/mapapi.bundle/images/icon_center_point@2x.png ... 
2018-06-12 07:13:37 +0000  2470 bytes for ./Payload/CTK.app/mapapi.bundle/images/icon_center_point@2x.png
copying file ./Payload/CTK.app/mapapi.bundle/images/icon_nav_start.png ... 
2018-06-12 07:13:37 +0000  4760 bytes for ./Payload/CTK.app/mapapi.bundle/images/icon_nav_start.png
copying file ./Payload/CTK.app/mapapi.bundle/images/icon_direction.png ... 
2018-06-12 07:13:37 +0000  3334 bytes for ./Payload/CTK.app/mapapi.bundle/images/icon_direction.png
copying file ./Payload/CTK.app/mapapi.bundle/images/icon_action_paopao_middle_left@2x.png ... 
2018-06-12 07:13:37 +0000  3406 bytes for ./Payload/CTK.app/mapapi.bundle/images/icon_action_paopao_middle_left@2x.png
copying file ./Payload/CTK.app/mapapi.bundle/images/icon_paopao_middle_left.png ... 
2018-06-12 07:13:37 +0000  3397 bytes for ./Payload/CTK.app/mapapi.bundle/images/icon_paopao_middle_left.png
copying file ./Payload/CTK.app/mapapi.bundle/images/icon_compass.png ... 
2018-06-12 07:13:37 +0000  3807 bytes for ./Payload/CTK.app/mapapi.bundle/images/icon_compass.png
copying file ./Payload/CTK.app/mapapi.bundle/images/icon_paopao_middle_right@2x.png ... 
2018-06-12 07:13:37 +0000  4202 bytes for ./Payload/CTK.app/mapapi.bundle/images/icon_paopao_middle_right@2x.png
copying file ./Payload/CTK.app/mapapi.bundle/images/direction_wheel.png ... 
2018-06-12 07:13:37 +0000  3839 bytes for ./Payload/CTK.app/mapapi.bundle/images/direction_wheel.png
copying file ./Payload/CTK.app/mapapi.bundle/images/icon_paopao_middle_right_highlighted@2x.png ... 
2018-06-12 07:13:37 +0000  4185 bytes for ./Payload/CTK.app/mapapi.bundle/images/icon_paopao_middle_right_highlighted@2x.png
copying file ./Payload/CTK.app/mapapi.bundle/images/icon_center_point.png ... 
2018-06-12 07:13:37 +0000  1168 bytes for ./Payload/CTK.app/mapapi.bundle/images/icon_center_point.png
copying file ./Payload/CTK.app/mapapi.bundle/images/lineDashTexture.png ... 
2018-06-12 07:13:37 +0000  194 bytes for ./Payload/CTK.app/mapapi.bundle/images/lineDashTexture.png
copying file ./Payload/CTK.app/mapapi.bundle/images/icon_paopao_middle_left_highlighted@2x.png ... 
2018-06-12 07:13:37 +0000  4291 bytes for ./Payload/CTK.app/mapapi.bundle/images/icon_paopao_middle_left_highlighted@2x.png
copying file ./Payload/CTK.app/mapapi.bundle/images/icon_action_paopao_middle_right_highlighted@2x.png ... 
2018-06-12 07:13:37 +0000  3328 bytes for ./Payload/CTK.app/mapapi.bundle/images/icon_action_paopao_middle_right_highlighted@2x.png
2018-06-12 07:13:37 +0000  copying file ./Payload/CTK.app/mapapi.bundle/images/bnavi_icon_location_fixed.png ... 
2018-06-12 07:13:37 +0000  601 bytes for ./Payload/CTK.app/mapapi.bundle/images/bnavi_icon_location_fixed.png
copying file ./Payload/CTK.app/mapapi.bundle/images/icon_cellphone.png ... 
2018-06-12 07:13:37 +0000  2703 bytes for ./Payload/CTK.app/mapapi.bundle/images/icon_cellphone.png
copying file ./Payload/CTK.app/mapapi.bundle/images/icon_cellphone2.png ... 
2018-06-12 07:13:37 +0000  3712 bytes for ./Payload/CTK.app/mapapi.bundle/images/icon_cellphone2.png
copying file ./Payload/CTK.app/mapapi.bundle/images/baidumap_logo@2x.png ... 
2018-06-12 07:13:37 +0000  5920 bytes for ./Payload/CTK.app/mapapi.bundle/images/baidumap_logo@2x.png
copying file ./Payload/CTK.app/mapapi.bundle/images/icon_compass_background@2x.png ... 
2018-06-12 07:13:37 +0000  5464 bytes for ./Payload/CTK.app/mapapi.bundle/images/icon_compass_background@2x.png
2018-06-12 07:13:37 +0000  copying file ./Payload/CTK.app/mapapi.bundle/images/icon_compass_background.png ... 
2018-06-12 07:13:37 +0000  4797 bytes for ./Payload/CTK.app/mapapi.bundle/images/icon_compass_background.png
copying file ./Payload/CTK.app/mapapi.bundle/images/icon_cellphone2@2x.png ... 
2018-06-12 07:13:37 +0000  7717 bytes for ./Payload/CTK.app/mapapi.bundle/images/icon_cellphone2@2x.png
copying file ./Payload/CTK.app/mapapi.bundle/images/pin_green@2x.png ... 
2018-06-12 07:13:37 +0000  5685 bytes for ./Payload/CTK.app/mapapi.bundle/images/pin_green@2x.png
copying file ./Payload/CTK.app/mapapi.bundle/images/bnavi_icon_location_fixed@2x.png ... 
2018-06-12 07:13:37 +0000  1458 bytes for ./Payload/CTK.app/mapapi.bundle/images/bnavi_icon_location_fixed@2x.png
copying file ./Payload/CTK.app/mapapi.bundle/images/icon_nav_waypoint@2x.png ... 
2018-06-12 07:13:37 +0000  5068 bytes for ./Payload/CTK.app/mapapi.bundle/images/icon_nav_waypoint@2x.png
copying file ./Payload/CTK.app/mapapi.bundle/images/line_texture.png ... 
2018-06-12 07:13:37 +0000  2830 bytes for ./Payload/CTK.app/mapapi.bundle/images/line_texture.png
copying file ./Payload/CTK.app/mapapi.bundle/images/pin_green.png ... 
2018-06-12 07:13:37 +0000  3896 bytes for ./Payload/CTK.app/mapapi.bundle/images/pin_green.png
copying file ./Payload/CTK.app/mapapi.bundle/images/icon_nav_bus.png ... 
2018-06-12 07:13:37 +0000  1818 bytes for ./Payload/CTK.app/mapapi.bundle/images/icon_nav_bus.png
2018-06-12 07:13:37 +0000  copying file ./Payload/CTK.app/mapapi.bundle/images/icon_direction@2x.png ... 
2018-06-12 07:13:37 +0000  3496 bytes for ./Payload/CTK.app/mapapi.bundle/images/icon_direction@2x.png
copying file ./Payload/CTK.app/mapapi.bundle/images/icon_compass@2x.png ... 
2018-06-12 07:13:37 +0000  2972 bytes for ./Payload/CTK.app/mapapi.bundle/images/icon_compass@2x.png
copying file ./Payload/CTK.app/mapapi.bundle/images/icon_action_paopao_middle_left.png ... 
2018-06-12 07:13:37 +0000  3065 bytes for ./Payload/CTK.app/mapapi.bundle/images/icon_action_paopao_middle_left.png
copying file ./Payload/CTK.app/mapapi.bundle/images/icon_action_paopao_middle_right@2x.png ... 
2018-06-12 07:13:37 +0000  3323 bytes for ./Payload/CTK.app/mapapi.bundle/images/icon_action_paopao_middle_right@2x.png
2018-06-12 07:13:37 +0000  copying file ./Payload/CTK.app/mapapi.bundle/images/pin_red@2x.png ... 
2018-06-12 07:13:37 +0000  5533 bytes for ./Payload/CTK.app/mapapi.bundle/images/pin_red@2x.png
2018-06-12 07:13:37 +0000  copying file ./Payload/CTK.app/mapapi.bundle/files/cfg/a/DVVersion.cfg ... 
2018-06-12 07:13:37 +0000  441 bytes for ./Payload/CTK.app/mapapi.bundle/files/cfg/a/DVVersion.cfg
copying file ./Payload/CTK.app/mapapi.bundle/files/cfg/a/DVStreet.cfg ... 
2018-06-12 07:13:37 +0000  24669 bytes for ./Payload/CTK.app/mapapi.bundle/files/cfg/a/DVStreet.cfg
2018-06-12 07:13:37 +0000  copying file ./Payload/CTK.app/mapapi.bundle/files/cfg/a/DVHotcity.cfg ... 
2018-06-12 07:13:37 +0000  1937 bytes for ./Payload/CTK.app/mapapi.bundle/files/cfg/a/DVHotcity.cfg
copying file ./Payload/CTK.app/mapapi.bundle/files/cfg/a/DVDirectory.cfg ... 
2018-06-12 07:13:37 +0000  75971 bytes for ./Payload/CTK.app/mapapi.bundle/files/cfg/a/DVDirectory.cfg
copying file ./Payload/CTK.app/mapapi.bundle/files/cfg/a/DVHotMap.cfg ... 
2018-06-12 07:13:37 +0000  11174 bytes for ./Payload/CTK.app/mapapi.bundle/files/cfg/a/DVHotMap.cfg
2018-06-12 07:13:37 +0000  copying file ./Payload/CTK.app/mapapi.bundle/files/cfg/a/DVSDirectory.cfg ... 
2018-06-12 07:13:37 +0000  7483 bytes for ./Payload/CTK.app/mapapi.bundle/files/cfg/a/DVSDirectory.cfg
2018-06-12 07:13:37 +0000  copying file ./Payload/CTK.app/mapapi.bundle/files/cfg/a/mode_1/reduct.sty ... 
2018-06-12 07:13:37 +0000  466440 bytes for ./Payload/CTK.app/mapapi.bundle/files/cfg/a/mode_1/reduct.sty
copying file ./Payload/CTK.app/mapapi.bundle/files/cfg/a/mode_1/map.sty ... 
2018-06-12 07:13:37 +0000  930760 bytes for ./Payload/CTK.app/mapapi.bundle/files/cfg/a/mode_1/map.sty
copying file ./Payload/CTK.app/mapapi.bundle/files/cfg/a/mode_1/traffic.sty ... 
2018-06-12 07:13:37 +0000  468628 bytes for ./Payload/CTK.app/mapapi.bundle/files/cfg/a/mode_1/traffic.sty
copying file ./Payload/CTK.app/mapapi.bundle/files/cfg/a/mode_1/traffic.rs ... 
2018-06-12 07:13:37 +0000  131766 bytes for ./Payload/CTK.app/mapapi.bundle/files/cfg/a/mode_1/traffic.rs
copying file ./Payload/CTK.app/mapapi.bundle/files/cfg/a/mode_1/map.rs ... 
2018-06-12 07:13:37 +0000  1080142 bytes for ./Payload/CTK.app/mapapi.bundle/files/cfg/a/mode_1/map.rs
copying file ./Payload/CTK.app/mapapi.bundle/files/cfg/a/mode_1/reduct.rs ... 
2018-06-12 07:13:37 +0000  279264 bytes for ./Payload/CTK.app/mapapi.bundle/files/cfg/a/mode_1/reduct.rs
2018-06-12 07:13:37 +0000  copying file ./Payload/CTK.app/mapapi.bundle/files/cfg/a/CustomIndex ... 
2018-06-12 07:13:37 +0000  67847 bytes for ./Payload/CTK.app/mapapi.bundle/files/cfg/a/CustomIndex
2018-06-12 07:13:37 +0000  copying file ./Payload/CTK.app/mapapi.bundle/files/cfg/idrres/baseindoormap.sty ... 
2018-06-12 07:13:37 +0000  50723 bytes for ./Payload/CTK.app/mapapi.bundle/files/cfg/idrres/baseindoormap.sty
2018-06-12 07:13:37 +0000  copying file ./Payload/CTK.app/mapapi.bundle/files/cfg/idrres/ResPackIndoorMap.rs ... 
2018-06-12 07:13:37 +0000  446263 bytes for ./Payload/CTK.app/mapapi.bundle/files/cfg/idrres/ResPackIndoorMap.rs
copying file ./Payload/CTK.app/mapapi.bundle/files/cfg/idrres/DVIndoor.cfg ... 
2018-06-12 07:13:37 +0000  14524 bytes for ./Payload/CTK.app/mapapi.bundle/files/cfg/idrres/DVIndoor.cfg
2018-06-12 07:13:37 +0000  copying file ./Payload/CTK.app/lookup_soft_elegance_2.png ... 
2018-06-12 07:13:37 +0000  2199 bytes for ./Payload/CTK.app/lookup_soft_elegance_2.png
copying file ./Payload/CTK.app/AppIcon20x20@2x.png ... 
2018-06-12 07:13:37 +0000  1544 bytes for ./Payload/CTK.app/AppIcon20x20@2x.png
2018-06-12 07:13:37 +0000  copying file ./Payload/CTK.app/ZLPhotoBrowser.bundle/zl_takePhoto@3x.png ... 
2018-06-12 07:13:37 +0000  2218 bytes for ./Payload/CTK.app/ZLPhotoBrowser.bundle/zl_takePhoto@3x.png
copying file ./Payload/CTK.app/ZLPhotoBrowser.bundle/zl_clip@2x.png ... 
2018-06-12 07:13:37 +0000  1015 bytes for ./Payload/CTK.app/ZLPhotoBrowser.bundle/zl_clip@2x.png
2018-06-12 07:13:37 +0000  copying file ./Payload/CTK.app/ZLPhotoBrowser.bundle/zl_video@2x.png ... 
2018-06-12 07:13:37 +0000  1034 bytes for ./Payload/CTK.app/ZLPhotoBrowser.bundle/zl_video@2x.png
copying file ./Payload/CTK.app/ZLPhotoBrowser.bundle/zl_btn_rotate.png ... 
2018-06-12 07:13:37 +0000  8924 bytes for ./Payload/CTK.app/ZLPhotoBrowser.bundle/zl_btn_rotate.png
2018-06-12 07:13:37 +0000  copying file ./Payload/CTK.app/ZLPhotoBrowser.bundle/zh-Hans.lproj/Localizable.strings ... 
2018-06-12 07:13:37 +0000  2390 bytes for ./Payload/CTK.app/ZLPhotoBrowser.bundle/zh-Hans.lproj/Localizable.strings
copying file ./Payload/CTK.app/ZLPhotoBrowser.bundle/zl_btn_circle@2x.png ... 
2018-06-12 07:13:37 +0000  1540 bytes for ./Payload/CTK.app/ZLPhotoBrowser.bundle/zl_btn_circle@2x.png
copying file ./Payload/CTK.app/ZLPhotoBrowser.bundle/zl_videoLoadFailed@2x.png ... 
2018-06-12 07:13:37 +0000  637 bytes for ./Payload/CTK.app/ZLPhotoBrowser.bundle/zl_videoLoadFailed@2x.png
2018-06-12 07:13:37 +0000  copying file ./Payload/CTK.app/ZLPhotoBrowser.bundle/en.lproj/Localizable.strings ... 
2018-06-12 07:13:37 +0000  2373 bytes for ./Payload/CTK.app/ZLPhotoBrowser.bundle/en.lproj/Localizable.strings
2018-06-12 07:13:37 +0000  copying file ./Payload/CTK.app/ZLPhotoBrowser.bundle/zl_btn_unselected.png ... 
2018-06-12 07:13:37 +0000  3313 bytes for ./Payload/CTK.app/ZLPhotoBrowser.bundle/zl_btn_unselected.png
copying file ./Payload/CTK.app/ZLPhotoBrowser.bundle/zl_btn_selected@3x.png ... 
2018-06-12 07:13:37 +0000  1775 bytes for ./Payload/CTK.app/ZLPhotoBrowser.bundle/zl_btn_selected@3x.png
copying file ./Payload/CTK.app/ZLPhotoBrowser.bundle/zl_takeok@2x.png ... 
2018-06-12 07:13:37 +0000  2668 bytes for ./Payload/CTK.app/ZLPhotoBrowser.bundle/zl_takeok@2x.png
copying file ./Payload/CTK.app/ZLPhotoBrowser.bundle/zl_rotateimage.png ... 
2018-06-12 07:13:37 +0000  758 bytes for ./Payload/CTK.app/ZLPhotoBrowser.bundle/zl_rotateimage.png
copying file ./Payload/CTK.app/ZLPhotoBrowser.bundle/zl_focus@3x.png ... 
2018-06-12 07:13:37 +0000  2224 bytes for ./Payload/CTK.app/ZLPhotoBrowser.bundle/zl_focus@3x.png
copying file ./Payload/CTK.app/ZLPhotoBrowser.bundle/zl_focus@2x.png ... 
2018-06-12 07:13:37 +0000  1328 bytes for ./Payload/CTK.app/ZLPhotoBrowser.bundle/zl_focus@2x.png
copying file ./Payload/CTK.app/ZLPhotoBrowser.bundle/zl_btn_selected@2x.png ... 
2018-06-12 07:13:37 +0000  1101 bytes for ./Payload/CTK.app/ZLPhotoBrowser.bundle/zl_btn_selected@2x.png
copying file ./Payload/CTK.app/ZLPhotoBrowser.bundle/zl_takeok@3x.png ... 
2018-06-12 07:13:37 +0000  3863 bytes for ./Payload/CTK.app/ZLPhotoBrowser.bundle/zl_takeok@3x.png
2018-06-12 07:13:37 +0000  copying file ./Payload/CTK.app/ZLPhotoBrowser.bundle/zl_videoLoadFailed@3x.png ... 
2018-06-12 07:13:37 +0000  801 bytes for ./Payload/CTK.app/ZLPhotoBrowser.bundle/zl_videoLoadFailed@3x.png
copying file ./Payload/CTK.app/ZLPhotoBrowser.bundle/zl_defaultphoto.png ... 
2018-06-12 07:13:37 +0000  2474 bytes for ./Payload/CTK.app/ZLPhotoBrowser.bundle/zl_defaultphoto.png
copying file ./Payload/CTK.app/ZLPhotoBrowser.bundle/zl_btn_circle@3x.png ... 
2018-06-12 07:13:37 +0000  3814 bytes for ./Payload/CTK.app/ZLPhotoBrowser.bundle/zl_btn_circle@3x.png
2018-06-12 07:13:37 +0000  copying file ./Payload/CTK.app/ZLPhotoBrowser.bundle/zl_btn_selected.png ... 
2018-06-12 07:13:37 +0000  598 bytes for ./Payload/CTK.app/ZLPhotoBrowser.bundle/zl_btn_selected.png
copying file ./Payload/CTK.app/ZLPhotoBrowser.bundle/zl_video@3x.png ... 
2018-06-12 07:13:37 +0000  1275 bytes for ./Payload/CTK.app/ZLPhotoBrowser.bundle/zl_video@3x.png
copying file ./Payload/CTK.app/ZLPhotoBrowser.bundle/zl_takePhoto@2x.png ... 
2018-06-12 07:13:37 +0000  1420 bytes for ./Payload/CTK.app/ZLPhotoBrowser.bundle/zl_takePhoto@2x.png
2018-06-12 07:13:37 +0000  copying file ./Payload/CTK.app/ZLPhotoBrowser.bundle/zl_clip@3x.png ... 
1335 bytes for ./Payload/CTK.app/ZLPhotoBrowser.bundle/zl_clip@3x.png
2018-06-12 07:13:37 +0000  copying file ./Payload/CTK.app/ZLPhotoBrowser.bundle/zl_rotateimage@2x.png ... 
2018-06-12 07:13:37 +0000  1123 bytes for ./Payload/CTK.app/ZLPhotoBrowser.bundle/zl_rotateimage@2x.png
copying file ./Payload/CTK.app/ZLPhotoBrowser.bundle/zl_btn_original_circle@3x.png ... 
2018-06-12 07:13:37 +0000  2668 bytes for ./Payload/CTK.app/ZLPhotoBrowser.bundle/zl_btn_original_circle@3x.png
copying file ./Payload/CTK.app/ZLPhotoBrowser.bundle/zl_videoView@2x.png ... 
2018-06-12 07:13:37 +0000  15373 bytes for ./Payload/CTK.app/ZLPhotoBrowser.bundle/zl_videoView@2x.png
copying file ./Payload/CTK.app/ZLPhotoBrowser.bundle/zl_playVideo@3x.png ... 
2018-06-12 07:13:37 +0000  23821 bytes for ./Payload/CTK.app/ZLPhotoBrowser.bundle/zl_playVideo@3x.png
copying file ./Payload/CTK.app/ZLPhotoBrowser.bundle/zl_fennen.png ... 
2018-06-12 07:13:37 +0000  3062 bytes for ./Payload/CTK.app/ZLPhotoBrowser.bundle/zl_fennen.png
copying file ./Payload/CTK.app/ZLPhotoBrowser.bundle/zl_playVideo@2x.png ... 
2018-06-12 07:13:37 +0000  21247 bytes for ./Payload/CTK.app/ZLPhotoBrowser.bundle/zl_playVideo@2x.png
copying file ./Payload/CTK.app/ZLPhotoBrowser.bundle/zl_videoView@3x.png ... 
2018-06-12 07:13:37 +0000  15761 bytes for ./Payload/CTK.app/ZLPhotoBrowser.bundle/zl_videoView@3x.png
copying file ./Payload/CTK.app/ZLPhotoBrowser.bundle/zl_btn_original_circle@2x.png ... 
2018-06-12 07:13:37 +0000  1885 bytes for ./Payload/CTK.app/ZLPhotoBrowser.bundle/zl_btn_original_circle@2x.png
2018-06-12 07:13:37 +0000  copying file ./Payload/CTK.app/ZLPhotoBrowser.bundle/zh-Hant.lproj/Localizable.strings ... 
2018-06-12 07:13:37 +0000  2390 bytes for ./Payload/CTK.app/ZLPhotoBrowser.bundle/zh-Hant.lproj/Localizable.strings
copying file ./Payload/CTK.app/ZLPhotoBrowser.bundle/zl_rotateimage@3x.png ... 
2018-06-12 07:13:37 +0000  1469 bytes for ./Payload/CTK.app/ZLPhotoBrowser.bundle/zl_rotateimage@3x.png
copying file ./Payload/CTK.app/ZLPhotoBrowser.bundle/zl_lock.png ... 
2018-06-12 07:13:37 +0000  22135 bytes for ./Payload/CTK.app/ZLPhotoBrowser.bundle/zl_lock.png
copying file ./Payload/CTK.app/ZLPhotoBrowser.bundle/zl_draw@3x.png ... 
2018-06-12 07:13:37 +0000  3079 bytes for ./Payload/CTK.app/ZLPhotoBrowser.bundle/zl_draw@3x.png
copying file ./Payload/CTK.app/ZLPhotoBrowser.bundle/zl_navBackBtn@2x.png ... 
2018-06-12 07:13:37 +0000  116 bytes for ./Payload/CTK.app/ZLPhotoBrowser.bundle/zl_navBackBtn@2x.png
copying file ./Payload/CTK.app/ZLPhotoBrowser.bundle/zl_arrow_down@3x.png ... 
2018-06-12 07:13:37 +0000  2201 bytes for ./Payload/CTK.app/ZLPhotoBrowser.bundle/zl_arrow_down@3x.png
copying file ./Payload/CTK.app/ZLPhotoBrowser.bundle/zl_retake@2x.png ... 
2018-06-12 07:13:37 +0000  2167 bytes for ./Payload/CTK.app/ZLPhotoBrowser.bundle/zl_retake@2x.png
copying file ./Payload/CTK.app/ZLPhotoBrowser.bundle/zl_ic_left@2x.png ... 
2018-06-12 07:13:37 +0000  203 bytes for ./Payload/CTK.app/ZLPhotoBrowser.bundle/zl_ic_left@2x.png
2018-06-12 07:13:37 +0000  copying file ./Payload/CTK.app/ZLPhotoBrowser.bundle/zl_ic_left@3x.png ... 
514 bytes for ./Payload/CTK.app/ZLPhotoBrowser.bundle/zl_ic_left@3x.png
2018-06-12 07:13:37 +0000  copying file ./Payload/CTK.app/ZLPhotoBrowser.bundle/zl_retake@3x.png ... 
2018-06-12 07:13:37 +0000  3006 bytes for ./Payload/CTK.app/ZLPhotoBrowser.bundle/zl_retake@3x.png
copying file ./Payload/CTK.app/ZLPhotoBrowser.bundle/zl_arrow_down@2x.png ... 
2018-06-12 07:13:37 +0000  1553 bytes for ./Payload/CTK.app/ZLPhotoBrowser.bundle/zl_arrow_down@2x.png
copying file ./Payload/CTK.app/ZLPhotoBrowser.bundle/zl_draw@2x.png ... 
2018-06-12 07:13:37 +0000  2095 bytes for ./Payload/CTK.app/ZLPhotoBrowser.bundle/zl_draw@2x.png
2018-06-12 07:13:37 +0000  copying file ./Payload/CTK.app/ZLPhotoBrowser.bundle/zl_btn_original_circle.png ... 
2018-06-12 07:13:37 +0000  1037 bytes for ./Payload/CTK.app/ZLPhotoBrowser.bundle/zl_btn_original_circle.png
copying file ./Payload/CTK.app/ZLPhotoBrowser.bundle/zl_btn_unselected@2x.png ... 
2018-06-12 07:13:37 +0000  4084 bytes for ./Payload/CTK.app/ZLPhotoBrowser.bundle/zl_btn_unselected@2x.png
copying file ./Payload/CTK.app/ZLPhotoBrowser.bundle/zl_livePhoto@2x.png ... 
2018-06-12 07:13:37 +0000  2032 bytes for ./Payload/CTK.app/ZLPhotoBrowser.bundle/zl_livePhoto@2x.png
copying file ./Payload/CTK.app/ZLPhotoBrowser.bundle/zl_revoke@2x.png ... 
2018-06-12 07:13:37 +0000  1068 bytes for ./Payload/CTK.app/ZLPhotoBrowser.bundle/zl_revoke@2x.png
copying file ./Payload/CTK.app/ZLPhotoBrowser.bundle/zl_filter@3x.png ... 
2018-06-12 07:13:37 +0000  1959 bytes for ./Payload/CTK.app/ZLPhotoBrowser.bundle/zl_filter@3x.png
copying file ./Payload/CTK.app/ZLPhotoBrowser.bundle/zl_ic_right@3x.png ... 
2018-06-12 07:13:37 +0000  502 bytes for ./Payload/CTK.app/ZLPhotoBrowser.bundle/zl_ic_right@3x.png
copying file ./Payload/CTK.app/ZLPhotoBrowser.bundle/zl_toggle_camera@2x.png ... 
2018-06-12 07:13:37 +0000  2392 bytes for ./Payload/CTK.app/ZLPhotoBrowser.bundle/zl_toggle_camera@2x.png
2018-06-12 07:13:37 +0000  copying file ./Payload/CTK.app/ZLPhotoBrowser.bundle/ja-US.lproj/Localizable.strings ... 
2018-06-12 07:13:37 +0000  2783 bytes for ./Payload/CTK.app/ZLPhotoBrowser.bundle/ja-US.lproj/Localizable.strings
copying file ./Payload/CTK.app/ZLPhotoBrowser.bundle/zl_toggle_camera@3x.png ... 
2018-06-12 07:13:37 +0000  3492 bytes for ./Payload/CTK.app/ZLPhotoBrowser.bundle/zl_toggle_camera@3x.png
2018-06-12 07:13:37 +0000  copying file ./Payload/CTK.app/ZLPhotoBrowser.bundle/zl_ic_right@2x.png ... 
208 bytes for ./Payload/CTK.app/ZLPhotoBrowser.bundle/zl_ic_right@2x.png
copying file ./Payload/CTK.app/ZLPhotoBrowser.bundle/zl_filter@2x.png ... 
2018-06-12 07:13:37 +0000  1441 bytes for ./Payload/CTK.app/ZLPhotoBrowser.bundle/zl_filter@2x.png
copying file ./Payload/CTK.app/ZLPhotoBrowser.bundle/zl_revoke@3x.png ... 
2018-06-12 07:13:37 +0000  1430 bytes for ./Payload/CTK.app/ZLPhotoBrowser.bundle/zl_revoke@3x.png
copying file ./Payload/CTK.app/ZLPhotoBrowser.bundle/zl_livePhoto@3x.png ... 
2018-06-12 07:13:37 +0000  3462 bytes for ./Payload/CTK.app/ZLPhotoBrowser.bundle/zl_livePhoto@3x.png
copying file ./Payload/CTK.app/ZLPhotoBrowser.bundle/zl_btn_unselected@3x.png ... 
2018-06-12 07:13:37 +0000  4884 bytes for ./Payload/CTK.app/ZLPhotoBrowser.bundle/zl_btn_unselected@3x.png
2018-06-12 07:13:37 +0000  copying file ./Payload/CTK.app/lookup_soft_elegance_1.png ... 
2018-06-12 07:13:37 +0000  129208 bytes for ./Payload/CTK.app/lookup_soft_elegance_1.png
copying file ./Payload/CTK.app/AppIcon20x20@3x.png ... 
2018-06-12 07:13:37 +0000  2277 bytes for ./Payload/CTK.app/AppIcon20x20@3x.png
copying file ./Payload/CTK.app/lookup.png ... 
2018-06-12 07:13:37 +0000  2095 bytes for ./Payload/CTK.app/lookup.png
2018-06-12 07:13:37 +0000  copying file ./Payload/CTK.app/MJRefresh.bundle/zh-Hans.lproj/Localizable.strings ... 
2018-06-12 07:13:37 +0000  1194 bytes for ./Payload/CTK.app/MJRefresh.bundle/zh-Hans.lproj/Localizable.strings
copying file ./Payload/CTK.app/MJRefresh.bundle/en.lproj/Localizable.strings ... 
2018-06-12 07:13:37 +0000  1372 bytes for ./Payload/CTK.app/MJRefresh.bundle/en.lproj/Localizable.strings
copying file ./Payload/CTK.app/MJRefresh.bundle/arrow@2x.png ... 
2018-06-12 07:13:37 +0000  1033 bytes for ./Payload/CTK.app/MJRefresh.bundle/arrow@2x.png
copying file ./Payload/CTK.app/MJRefresh.bundle/zh-Hant.lproj/Localizable.strings ... 
2018-06-12 07:13:37 +0000  773 bytes for ./Payload/CTK.app/MJRefresh.bundle/zh-Hant.lproj/Localizable.strings
2018-06-12 07:13:37 +0000  copying file ./Payload/CTK.app/ZLPhotoBrowserCell.nib ... 
2018-06-12 07:13:37 +0000  3639 bytes for ./Payload/CTK.app/ZLPhotoBrowserCell.nib
copying file ./Payload/CTK.app/AppIcon60x60@2x.png ... 
2018-06-12 07:13:37 +0000  6543 bytes for ./Payload/CTK.app/AppIcon60x60@2x.png
2018-06-12 07:13:37 +0000  copying file ./Payload/CTK.app/IQKeyboardManager.bundle/IQButtonBarArrowRight@2x.png ... 
2018-06-12 07:13:37 +0000  1786 bytes for ./Payload/CTK.app/IQKeyboardManager.bundle/IQButtonBarArrowRight@2x.png
copying file ./Payload/CTK.app/IQKeyboardManager.bundle/IQButtonBarArrowUp@3x.png ... 
2018-06-12 07:13:37 +0000  2164 bytes for ./Payload/CTK.app/IQKeyboardManager.bundle/IQButtonBarArrowUp@3x.png
copying file ./Payload/CTK.app/IQKeyboardManager.bundle/IQButtonBarArrowUp@2x.png ... 
2018-06-12 07:13:37 +0000  1769 bytes for ./Payload/CTK.app/IQKeyboardManager.bundle/IQButtonBarArrowUp@2x.png
2018-06-12 07:13:37 +0000  copying file ./Payload/CTK.app/IQKeyboardManager.bundle/IQButtonBarArrowRight@3x.png ... 
2018-06-12 07:13:37 +0000  1844 bytes for ./Payload/CTK.app/IQKeyboardManager.bundle/IQButtonBarArrowRight@3x.png
copying file ./Payload/CTK.app/IQKeyboardManager.bundle/IQButtonBarArrowLeft@3x.png ... 
2018-06-12 07:13:37 +0000  1815 bytes for ./Payload/CTK.app/IQKeyboardManager.bundle/IQButtonBarArrowLeft@3x.png
copying file ./Payload/CTK.app/IQKeyboardManager.bundle/IQButtonBarArrowDown@3x.png ... 
2018-06-12 07:13:37 +0000  2177 bytes for ./Payload/CTK.app/IQKeyboardManager.bundle/IQButtonBarArrowDown@3x.png
2018-06-12 07:13:37 +0000  copying file ./Payload/CTK.app/IQKeyboardManager.bundle/IQButtonBarArrowDown@2x.png ... 
1764 bytes for ./Payload/CTK.app/IQKeyboardManager.bundle/IQButtonBarArrowDown@2x.png
2018-06-12 07:13:37 +0000  copying file ./Payload/CTK.app/IQKeyboardManager.bundle/IQButtonBarArrowLeft@2x.png ... 
2018-06-12 07:13:37 +0000  1793 bytes for ./Payload/CTK.app/IQKeyboardManager.bundle/IQButtonBarArrowLeft@2x.png
copying file ./Payload/CTK.app/AppIcon29x29@2x.png ... 
2018-06-12 07:13:37 +0000  2198 bytes for ./Payload/CTK.app/AppIcon29x29@2x.png
copying file ./Payload/CTK.app/aboutUS.txt ... 
2018-06-12 07:13:37 +0000  770 bytes for ./Payload/CTK.app/aboutUS.txt
copying file ./Payload/CTK.app/lookup_amatorka.png ... 
2018-06-12 07:13:37 +0000  36390 bytes for ./Payload/CTK.app/lookup_amatorka.png
2018-06-12 07:13:37 +0000  copying file ./Payload/CTK.app/ZLPhotoActionSheet.nib ... 
2018-06-12 07:13:37 +0000  6615 bytes for ./Payload/CTK.app/ZLPhotoActionSheet.nib
2018-06-12 07:13:37 +0000  copying file ./Payload/CTK.app/AppIcon40x40@3x.png ... 
2018-06-12 07:13:37 +0000  6543 bytes for ./Payload/CTK.app/AppIcon40x40@3x.png
copying file ./Payload/CTK.app/AppIcon40x40@2x.png ... 
2018-06-12 07:13:37 +0000  3391 bytes for ./Payload/CTK.app/AppIcon40x40@2x.png
copying file ./Payload/CTK.app/AppIcon29x29@3x.png ... 
2018-06-12 07:13:37 +0000  3811 bytes for ./Payload/CTK.app/AppIcon29x29@3x.png
copying file ./Payload/CTK.app/AppIcon60x60@3x.png ... 
2018-06-12 07:13:37 +0000  13148 bytes for ./Payload/CTK.app/AppIcon60x60@3x.png
2018-06-12 07:13:37 +0000  copying file ./Payload/CTK.app/XLForm.bundle/forwardarrow@2x.png ... 
2018-06-12 07:13:37 +0000  1559 bytes for ./Payload/CTK.app/XLForm.bundle/forwardarrow@2x.png
2018-06-12 07:13:37 +0000  copying file ./Payload/CTK.app/Base.lproj/LaunchScreen.storyboardc/01J-lp-oVM-view-Ze5-6b-2t3.nib ... 
2018-06-12 07:13:37 +0000  2314 bytes for ./Payload/CTK.app/Base.lproj/LaunchScreen.storyboardc/01J-lp-oVM-view-Ze5-6b-2t3.nib
copying file ./Payload/CTK.app/Base.lproj/LaunchScreen.storyboardc/UIViewController-01J-lp-oVM.nib ... 
2018-06-12 07:13:37 +0000  832 bytes for ./Payload/CTK.app/Base.lproj/LaunchScreen.storyboardc/UIViewController-01J-lp-oVM.nib
copying file ./Payload/CTK.app/Base.lproj/LaunchScreen.storyboardc/Info.plist ... 
2018-06-12 07:13:37 +0000  258 bytes for ./Payload/CTK.app/Base.lproj/LaunchScreen.storyboardc/Info.plist
copying file ./Payload/CTK.app/kcgf.pdf ... 
2018-06-12 07:13:37 +0000  8836470 bytes for ./Payload/CTK.app/kcgf.pdf
copying file ./Payload/CTK.app/Assets.car ... 
2018-06-12 07:13:37 +0000  1457128 bytes for ./Payload/CTK.app/Assets.car
2018-06-12 07:13:37 +0000  copying file ./Payload/CTK.app/CTK ... 
2018-06-12 07:13:38 +0000  16685088 bytes for ./Payload/CTK.app/CTK
copying file ./Payload/CTK.app/embedded.mobileprovision ... 
2018-06-12 07:13:38 +0000  39342 bytes for ./Payload/CTK.app/embedded.mobileprovision
copying file ./Payload/CTK.app/SVProgressHUD.bundle/info.png ... 
365 bytes for ./Payload/CTK.app/SVProgressHUD.bundle/info.png
copying file ./Payload/CTK.app/SVProgressHUD.bundle/error@3x.png ... 
398 bytes for ./Payload/CTK.app/SVProgressHUD.bundle/error@3x.png
copying file ./Payload/CTK.app/SVProgressHUD.bundle/angle-mask@3x.png ... 
8319 bytes for ./Payload/CTK.app/SVProgressHUD.bundle/angle-mask@3x.png
copying file ./Payload/CTK.app/SVProgressHUD.bundle/angle-mask@2x.png ... 
4893 bytes for ./Payload/CTK.app/SVProgressHUD.bundle/angle-mask@2x.png
copying file ./Payload/CTK.app/SVProgressHUD.bundle/error@2x.png ... 
306 bytes for ./Payload/CTK.app/SVProgressHUD.bundle/error@2x.png
copying file ./Payload/CTK.app/SVProgressHUD.bundle/info@3x.png ... 
2018-06-12 07:13:38 +0000  1200 bytes for ./Payload/CTK.app/SVProgressHUD.bundle/info@3x.png
copying file ./Payload/CTK.app/SVProgressHUD.bundle/success@2x.png ... 
462 bytes for ./Payload/CTK.app/SVProgressHUD.bundle/success@2x.png
2018-06-12 07:13:38 +0000  copying file ./Payload/CTK.app/SVProgressHUD.bundle/success@3x.png ... 
714 bytes for ./Payload/CTK.app/SVProgressHUD.bundle/success@3x.png
copying file ./Payload/CTK.app/SVProgressHUD.bundle/info@2x.png ... 
2018-06-12 07:13:38 +0000  816 bytes for ./Payload/CTK.app/SVProgressHUD.bundle/info@2x.png
copying file ./Payload/CTK.app/SVProgressHUD.bundle/error.png ... 
2018-06-12 07:13:38 +0000  184 bytes for ./Payload/CTK.app/SVProgressHUD.bundle/error.png
copying file ./Payload/CTK.app/SVProgressHUD.bundle/success.png ... 
2018-06-12 07:13:38 +0000  262 bytes for ./Payload/CTK.app/SVProgressHUD.bundle/success.png
copying file ./Payload/CTK.app/SVProgressHUD.bundle/angle-mask.png ... 
2018-06-12 07:13:38 +0000  1845 bytes for ./Payload/CTK.app/SVProgressHUD.bundle/angle-mask.png
copying file ./Payload/CTK.app/lookup_miss_etikate.png ... 
2018-06-12 07:13:38 +0000  202596 bytes for ./Payload/CTK.app/lookup_miss_etikate.png
copying file ./Payload/CTK.app/Info.plist ... 
2018-06-12 07:13:38 +0000  1771 bytes for ./Payload/CTK.app/Info.plist
copying file ./Payload/CTK.app/PkgInfo ... 
2018-06-12 07:13:38 +0000  8 bytes for ./Payload/CTK.app/PkgInfo
2018-06-12 07:13:38 +0000  2018-06-12 07:13:38 +0000  

2018-06-12 07:13:38 +0000  /usr/bin/ditto exited with 02018-06-12 07:13:38 +0000  
2018-06-12 07:13:38 +0000  

2018-06-12 07:13:38 +0000  
2018-06-12 07:13:38 +0000  2018-06-12 07:13:38 +0000  Processing step: IDEDistributionCreateManifestStep

